2025-07-27 01:00:24,694 [main] DEBUG freemarker.cache - Couldn't find template in cache for "spark/spark.spa.ftl"("en_CA", UTF-8, parsed); will try to load it.
2025-07-27 01:00:24,697 [main] DEBUG freemarker.cache - TemplateLoader.findTemplateSource("spark/spark.spa_en_CA.ftl"): Not found
2025-07-27 01:00:24,698 [main] DEBUG freemarker.cache - TemplateLoader.findTemplateSource("spark/spark.spa_en.ftl"): Not found
2025-07-27 01:00:24,698 [main] DEBUG freemarker.cache - TemplateLoader.findTemplateSource("spark/spark.spa.ftl"): Found
2025-07-27 01:00:24,698 [main] DEBUG freemarker.cache - Loading template for "spark/spark.spa.ftl"("en_CA", UTF-8, parsed) from "jar:file:/Users/yush/.m2/repository/com/aventstack/extentreports/5.1.2/extentreports-5.1.2.jar!/com/aventstack/extentreports/templates/spark/spark.spa.ftl"
2025-07-27 01:00:24,730 [main] DEBUG freemarker.cache - Couldn't find template in cache for "commons/commons-variables.ftl"("en_CA", UTF-8, parsed); will try to load it.
2025-07-27 01:00:24,732 [main] DEBUG freemarker.cache - TemplateLoader.findTemplateSource("commons/commons-variables_en_CA.ftl"): Not found
2025-07-27 01:00:24,733 [main] DEBUG freemarker.cache - TemplateLoader.findTemplateSource("commons/commons-variables_en.ftl"): Not found
2025-07-27 01:00:24,734 [main] DEBUG freemarker.cache - TemplateLoader.findTemplateSource("commons/commons-variables.ftl"): Found
2025-07-27 01:00:24,734 [main] DEBUG freemarker.cache - Loading template for "commons/commons-variables.ftl"("en_CA", UTF-8, parsed) from "jar:file:/Users/yush/.m2/repository/tech/grasshopper/htmlextentreporter/1.1.0/htmlextentreporter-1.1.0.jar!/com/aventstack/extentreports/templates/commons/commons-variables.ftl"
2025-07-27 01:00:24,860 [main] DEBUG freemarker.cache - Couldn't find template in cache for "commons/commons-macros.ftl"("en_CA", UTF-8, parsed); will try to load it.
2025-07-27 01:00:24,863 [main] DEBUG freemarker.cache - TemplateLoader.findTemplateSource("commons/commons-macros_en_CA.ftl"): Not found
2025-07-27 01:00:24,863 [main] DEBUG freemarker.cache - TemplateLoader.findTemplateSource("commons/commons-macros_en.ftl"): Not found
2025-07-27 01:00:24,864 [main] DEBUG freemarker.cache - TemplateLoader.findTemplateSource("commons/commons-macros.ftl"): Found
2025-07-27 01:00:24,864 [main] DEBUG freemarker.cache - Loading template for "commons/commons-macros.ftl"("en_CA", UTF-8, parsed) from "jar:file:/Users/yush/.m2/repository/com/aventstack/extentreports/5.1.2/extentreports-5.1.2.jar!/com/aventstack/extentreports/templates/commons/commons-macros.ftl"
2025-07-27 01:00:24,875 [main] DEBUG freemarker.cache - Couldn't find template in cache for "spark/macros/attributes.ftl"("en_CA", UTF-8, parsed); will try to load it.
2025-07-27 01:00:24,875 [main] DEBUG freemarker.cache - TemplateLoader.findTemplateSource("spark/macros/attributes_en_CA.ftl"): Not found
2025-07-27 01:00:24,875 [main] DEBUG freemarker.cache - TemplateLoader.findTemplateSource("spark/macros/attributes_en.ftl"): Not found
2025-07-27 01:00:24,876 [main] DEBUG freemarker.cache - TemplateLoader.findTemplateSource("spark/macros/attributes.ftl"): Found
2025-07-27 01:00:24,876 [main] DEBUG freemarker.cache - Loading template for "spark/macros/attributes.ftl"("en_CA", UTF-8, parsed) from "jar:file:/Users/yush/.m2/repository/com/aventstack/extentreports/5.1.2/extentreports-5.1.2.jar!/com/aventstack/extentreports/templates/spark/macros/attributes.ftl"
2025-07-27 01:00:24,878 [main] DEBUG freemarker.cache - Couldn't find template in cache for "spark/macros/log.ftl"("en_CA", UTF-8, parsed); will try to load it.
2025-07-27 01:00:24,878 [main] DEBUG freemarker.cache - TemplateLoader.findTemplateSource("spark/macros/log_en_CA.ftl"): Not found
2025-07-27 01:00:24,878 [main] DEBUG freemarker.cache - TemplateLoader.findTemplateSource("spark/macros/log_en.ftl"): Not found
2025-07-27 01:00:24,879 [main] DEBUG freemarker.cache - TemplateLoader.findTemplateSource("spark/macros/log.ftl"): Found
2025-07-27 01:00:24,879 [main] DEBUG freemarker.cache - Loading template for "spark/macros/log.ftl"("en_CA", UTF-8, parsed) from "jar:file:/Users/yush/.m2/repository/com/aventstack/extentreports/5.1.2/extentreports-5.1.2.jar!/com/aventstack/extentreports/templates/spark/macros/log.ftl"
2025-07-27 01:00:24,886 [main] DEBUG freemarker.cache - Couldn't find template in cache for "spark/macros/recurse_nodes.ftl"("en_CA", UTF-8, parsed); will try to load it.
2025-07-27 01:00:24,886 [main] DEBUG freemarker.cache - TemplateLoader.findTemplateSource("spark/macros/recurse_nodes_en_CA.ftl"): Not found
2025-07-27 01:00:24,887 [main] DEBUG freemarker.cache - TemplateLoader.findTemplateSource("spark/macros/recurse_nodes_en.ftl"): Not found
2025-07-27 01:00:24,887 [main] DEBUG freemarker.cache - TemplateLoader.findTemplateSource("spark/macros/recurse_nodes.ftl"): Found
2025-07-27 01:00:24,887 [main] DEBUG freemarker.cache - Loading template for "spark/macros/recurse_nodes.ftl"("en_CA", UTF-8, parsed) from "jar:file:/Users/yush/.m2/repository/com/aventstack/extentreports/5.1.2/extentreports-5.1.2.jar!/com/aventstack/extentreports/templates/spark/macros/recurse_nodes.ftl"
2025-07-27 01:00:24,900 [main] DEBUG freemarker.cache - "spark/macros/log.ftl"("en_CA", UTF-8, parsed) cached copy not yet stale; using cached.
2025-07-27 01:00:24,900 [main] DEBUG freemarker.cache - Couldn't find template in cache for "spark/macros/attr-common.ftl"("en_CA", UTF-8, parsed); will try to load it.
2025-07-27 01:00:24,901 [main] DEBUG freemarker.cache - TemplateLoader.findTemplateSource("spark/macros/attr-common_en_CA.ftl"): Not found
2025-07-27 01:00:24,901 [main] DEBUG freemarker.cache - TemplateLoader.findTemplateSource("spark/macros/attr-common_en.ftl"): Not found
2025-07-27 01:00:24,902 [main] DEBUG freemarker.cache - TemplateLoader.findTemplateSource("spark/macros/attr-common.ftl"): Found
2025-07-27 01:00:24,902 [main] DEBUG freemarker.cache - Loading template for "spark/macros/attr-common.ftl"("en_CA", UTF-8, parsed) from "jar:file:/Users/yush/.m2/repository/com/aventstack/extentreports/5.1.2/extentreports-5.1.2.jar!/com/aventstack/extentreports/templates/spark/macros/attr-common.ftl"
2025-07-27 01:00:24,908 [main] DEBUG freemarker.cache - Couldn't find template in cache for "spark/partials/head.ftl"("en_CA", UTF-8, parsed); will try to load it.
2025-07-27 01:00:24,908 [main] DEBUG freemarker.cache - TemplateLoader.findTemplateSource("spark/partials/head_en_CA.ftl"): Not found
2025-07-27 01:00:24,908 [main] DEBUG freemarker.cache - TemplateLoader.findTemplateSource("spark/partials/head_en.ftl"): Not found
2025-07-27 01:00:24,908 [main] DEBUG freemarker.cache - TemplateLoader.findTemplateSource("spark/partials/head.ftl"): Found
2025-07-27 01:00:24,909 [main] DEBUG freemarker.cache - Loading template for "spark/partials/head.ftl"("en_CA", UTF-8, parsed) from "jar:file:/Users/yush/.m2/repository/com/aventstack/extentreports/5.1.2/extentreports-5.1.2.jar!/com/aventstack/extentreports/templates/spark/partials/head.ftl"
2025-07-27 01:00:24,913 [main] DEBUG freemarker.cache - Couldn't find template in cache for "commons/commons-inject-css.ftl"("en_CA", UTF-8, parsed); will try to load it.
2025-07-27 01:00:24,913 [main] DEBUG freemarker.cache - TemplateLoader.findTemplateSource("commons/commons-inject-css_en_CA.ftl"): Not found
2025-07-27 01:00:24,913 [main] DEBUG freemarker.cache - TemplateLoader.findTemplateSource("commons/commons-inject-css_en.ftl"): Not found
2025-07-27 01:00:24,914 [main] DEBUG freemarker.cache - TemplateLoader.findTemplateSource("commons/commons-inject-css.ftl"): Found
2025-07-27 01:00:24,914 [main] DEBUG freemarker.cache - Loading template for "commons/commons-inject-css.ftl"("en_CA", UTF-8, parsed) from "jar:file:/Users/yush/.m2/repository/com/aventstack/extentreports/5.1.2/extentreports-5.1.2.jar!/com/aventstack/extentreports/templates/commons/commons-inject-css.ftl"
2025-07-27 01:00:24,915 [main] DEBUG freemarker.cache - Couldn't find template in cache for "spark/partials/navbar.ftl"("en_CA", UTF-8, parsed); will try to load it.
2025-07-27 01:00:24,915 [main] DEBUG freemarker.cache - TemplateLoader.findTemplateSource("spark/partials/navbar_en_CA.ftl"): Not found
2025-07-27 01:00:24,915 [main] DEBUG freemarker.cache - TemplateLoader.findTemplateSource("spark/partials/navbar_en.ftl"): Not found
2025-07-27 01:00:24,915 [main] DEBUG freemarker.cache - TemplateLoader.findTemplateSource("spark/partials/navbar.ftl"): Found
2025-07-27 01:00:24,915 [main] DEBUG freemarker.cache - Loading template for "spark/partials/navbar.ftl"("en_CA", UTF-8, parsed) from "jar:file:/Users/yush/.m2/repository/com/aventstack/extentreports/5.1.2/extentreports-5.1.2.jar!/com/aventstack/extentreports/templates/spark/partials/navbar.ftl"
2025-07-27 01:00:24,923 [main] DEBUG freemarker.cache - Couldn't find template in cache for "spark/partials/sidenav.ftl"("en_CA", UTF-8, parsed); will try to load it.
2025-07-27 01:00:24,924 [main] DEBUG freemarker.cache - TemplateLoader.findTemplateSource("spark/partials/sidenav_en_CA.ftl"): Not found
2025-07-27 01:00:24,924 [main] DEBUG freemarker.cache - TemplateLoader.findTemplateSource("spark/partials/sidenav_en.ftl"): Not found
2025-07-27 01:00:24,925 [main] DEBUG freemarker.cache - TemplateLoader.findTemplateSource("spark/partials/sidenav.ftl"): Found
2025-07-27 01:00:24,925 [main] DEBUG freemarker.cache - Loading template for "spark/partials/sidenav.ftl"("en_CA", UTF-8, parsed) from "jar:file:/Users/yush/.m2/repository/com/aventstack/extentreports/5.1.2/extentreports-5.1.2.jar!/com/aventstack/extentreports/templates/spark/partials/sidenav.ftl"
2025-07-27 01:00:24,943 [main] DEBUG freemarker.cache - Couldn't find template in cache for "spark/partials/test.ftl"("en_CA", UTF-8, parsed); will try to load it.
2025-07-27 01:00:24,944 [main] DEBUG freemarker.cache - TemplateLoader.findTemplateSource("spark/partials/test_en_CA.ftl"): Not found
2025-07-27 01:00:24,945 [main] DEBUG freemarker.cache - TemplateLoader.findTemplateSource("spark/partials/test_en.ftl"): Not found
2025-07-27 01:00:24,945 [main] DEBUG freemarker.cache - TemplateLoader.findTemplateSource("spark/partials/test.ftl"): Found
2025-07-27 01:00:24,945 [main] DEBUG freemarker.cache - Loading template for "spark/partials/test.ftl"("en_CA", UTF-8, parsed) from "jar:file:/Users/yush/.m2/repository/com/aventstack/extentreports/5.1.2/extentreports-5.1.2.jar!/com/aventstack/extentreports/templates/spark/partials/test.ftl"
2025-07-27 01:00:24,993 [main] DEBUG freemarker.cache - Couldn't find template in cache for "spark/partials/bdd-content.ftl"("en_CA", UTF-8, parsed); will try to load it.
2025-07-27 01:00:24,995 [main] DEBUG freemarker.cache - TemplateLoader.findTemplateSource("spark/partials/bdd-content_en_CA.ftl"): Not found
2025-07-27 01:00:24,995 [main] DEBUG freemarker.cache - TemplateLoader.findTemplateSource("spark/partials/bdd-content_en.ftl"): Not found
2025-07-27 01:00:24,996 [main] DEBUG freemarker.cache - TemplateLoader.findTemplateSource("spark/partials/bdd-content.ftl"): Found
2025-07-27 01:00:24,996 [main] DEBUG freemarker.cache - Loading template for "spark/partials/bdd-content.ftl"("en_CA", UTF-8, parsed) from "jar:file:/Users/yush/.m2/repository/com/aventstack/extentreports/5.1.2/extentreports-5.1.2.jar!/com/aventstack/extentreports/templates/spark/partials/bdd-content.ftl"
2025-07-27 01:00:25,048 [main] DEBUG freemarker.cache - Couldn't find template in cache for "spark/partials/exception.ftl"("en_CA", UTF-8, parsed); will try to load it.
2025-07-27 01:00:25,048 [main] DEBUG freemarker.cache - TemplateLoader.findTemplateSource("spark/partials/exception_en_CA.ftl"): Not found
2025-07-27 01:00:25,049 [main] DEBUG freemarker.cache - TemplateLoader.findTemplateSource("spark/partials/exception_en.ftl"): Not found
2025-07-27 01:00:25,050 [main] DEBUG freemarker.cache - TemplateLoader.findTemplateSource("spark/partials/exception.ftl"): Found
2025-07-27 01:00:25,050 [main] DEBUG freemarker.cache - Loading template for "spark/partials/exception.ftl"("en_CA", UTF-8, parsed) from "jar:file:/Users/yush/.m2/repository/com/aventstack/extentreports/5.1.2/extentreports-5.1.2.jar!/com/aventstack/extentreports/templates/spark/partials/exception.ftl"
2025-07-27 01:00:25,052 [main] DEBUG freemarker.cache - Couldn't find template in cache for "spark/partials/category.ftl"("en_CA", UTF-8, parsed); will try to load it.
2025-07-27 01:00:25,053 [main] DEBUG freemarker.cache - TemplateLoader.findTemplateSource("spark/partials/category_en_CA.ftl"): Not found
2025-07-27 01:00:25,053 [main] DEBUG freemarker.cache - TemplateLoader.findTemplateSource("spark/partials/category_en.ftl"): Not found
2025-07-27 01:00:25,054 [main] DEBUG freemarker.cache - TemplateLoader.findTemplateSource("spark/partials/category.ftl"): Found
2025-07-27 01:00:25,054 [main] DEBUG freemarker.cache - Loading template for "spark/partials/category.ftl"("en_CA", UTF-8, parsed) from "jar:file:/Users/yush/.m2/repository/com/aventstack/extentreports/5.1.2/extentreports-5.1.2.jar!/com/aventstack/extentreports/templates/spark/partials/category.ftl"
2025-07-27 01:00:25,060 [main] DEBUG freemarker.cache - Couldn't find template in cache for "spark/partials/device.ftl"("en_CA", UTF-8, parsed); will try to load it.
2025-07-27 01:00:25,061 [main] DEBUG freemarker.cache - TemplateLoader.findTemplateSource("spark/partials/device_en_CA.ftl"): Not found
2025-07-27 01:00:25,061 [main] DEBUG freemarker.cache - TemplateLoader.findTemplateSource("spark/partials/device_en.ftl"): Not found
2025-07-27 01:00:25,061 [main] DEBUG freemarker.cache - TemplateLoader.findTemplateSource("spark/partials/device.ftl"): Found
2025-07-27 01:00:25,061 [main] DEBUG freemarker.cache - Loading template for "spark/partials/device.ftl"("en_CA", UTF-8, parsed) from "jar:file:/Users/yush/.m2/repository/com/aventstack/extentreports/5.1.2/extentreports-5.1.2.jar!/com/aventstack/extentreports/templates/spark/partials/device.ftl"
2025-07-27 01:00:25,063 [main] DEBUG freemarker.cache - Couldn't find template in cache for "spark/partials/author.ftl"("en_CA", UTF-8, parsed); will try to load it.
2025-07-27 01:00:25,063 [main] DEBUG freemarker.cache - TemplateLoader.findTemplateSource("spark/partials/author_en_CA.ftl"): Not found
2025-07-27 01:00:25,063 [main] DEBUG freemarker.cache - TemplateLoader.findTemplateSource("spark/partials/author_en.ftl"): Not found
2025-07-27 01:00:25,063 [main] DEBUG freemarker.cache - TemplateLoader.findTemplateSource("spark/partials/author.ftl"): Found
2025-07-27 01:00:25,063 [main] DEBUG freemarker.cache - Loading template for "spark/partials/author.ftl"("en_CA", UTF-8, parsed) from "jar:file:/Users/yush/.m2/repository/com/aventstack/extentreports/5.1.2/extentreports-5.1.2.jar!/com/aventstack/extentreports/templates/spark/partials/author.ftl"
2025-07-27 01:00:25,064 [main] DEBUG freemarker.cache - Couldn't find template in cache for "spark/partials/log.ftl"("en_CA", UTF-8, parsed); will try to load it.
2025-07-27 01:00:25,065 [main] DEBUG freemarker.cache - TemplateLoader.findTemplateSource("spark/partials/log_en_CA.ftl"): Not found
2025-07-27 01:00:25,066 [main] DEBUG freemarker.cache - TemplateLoader.findTemplateSource("spark/partials/log_en.ftl"): Not found
2025-07-27 01:00:25,067 [main] DEBUG freemarker.cache - TemplateLoader.findTemplateSource("spark/partials/log.ftl"): Found
2025-07-27 01:00:25,067 [main] DEBUG freemarker.cache - Loading template for "spark/partials/log.ftl"("en_CA", UTF-8, parsed) from "jar:file:/Users/yush/.m2/repository/com/aventstack/extentreports/5.1.2/extentreports-5.1.2.jar!/com/aventstack/extentreports/templates/spark/partials/log.ftl"
2025-07-27 01:00:25,067 [main] DEBUG freemarker.cache - Couldn't find template in cache for "spark/partials/dashboard.ftl"("en_CA", UTF-8, parsed); will try to load it.
2025-07-27 01:00:25,067 [main] DEBUG freemarker.cache - TemplateLoader.findTemplateSource("spark/partials/dashboard_en_CA.ftl"): Not found
2025-07-27 01:00:25,068 [main] DEBUG freemarker.cache - TemplateLoader.findTemplateSource("spark/partials/dashboard_en.ftl"): Not found
2025-07-27 01:00:25,068 [main] DEBUG freemarker.cache - TemplateLoader.findTemplateSource("spark/partials/dashboard.ftl"): Found
2025-07-27 01:00:25,068 [main] DEBUG freemarker.cache - Loading template for "spark/partials/dashboard.ftl"("en_CA", UTF-8, parsed) from "jar:file:/Users/yush/.m2/repository/com/aventstack/extentreports/5.1.2/extentreports-5.1.2.jar!/com/aventstack/extentreports/templates/spark/partials/dashboard.ftl"
2025-07-27 01:00:25,120 [main] DEBUG freemarker.cache - Couldn't find template in cache for "spark/partials/scripts.ftl"("en_CA", UTF-8, parsed); will try to load it.
2025-07-27 01:00:25,121 [main] DEBUG freemarker.cache - TemplateLoader.findTemplateSource("spark/partials/scripts_en_CA.ftl"): Not found
2025-07-27 01:00:25,121 [main] DEBUG freemarker.cache - TemplateLoader.findTemplateSource("spark/partials/scripts_en.ftl"): Not found
2025-07-27 01:00:25,121 [main] DEBUG freemarker.cache - TemplateLoader.findTemplateSource("spark/partials/scripts.ftl"): Found
2025-07-27 01:00:25,121 [main] DEBUG freemarker.cache - Loading template for "spark/partials/scripts.ftl"("en_CA", UTF-8, parsed) from "jar:file:/Users/yush/.m2/repository/com/aventstack/extentreports/5.1.2/extentreports-5.1.2.jar!/com/aventstack/extentreports/templates/spark/partials/scripts.ftl"
2025-07-27 01:00:25,126 [main] DEBUG freemarker.cache - Couldn't find template in cache for "commons/commons-inject-js.ftl"("en_CA", UTF-8, parsed); will try to load it.
2025-07-27 01:00:25,128 [main] DEBUG freemarker.cache - TemplateLoader.findTemplateSource("commons/commons-inject-js_en_CA.ftl"): Not found
2025-07-27 01:00:25,129 [main] DEBUG freemarker.cache - TemplateLoader.findTemplateSource("commons/commons-inject-js_en.ftl"): Not found
2025-07-27 01:00:25,129 [main] DEBUG freemarker.cache - TemplateLoader.findTemplateSource("commons/commons-inject-js.ftl"): Found
2025-07-27 01:00:25,129 [main] DEBUG freemarker.cache - Loading template for "commons/commons-inject-js.ftl"("en_CA", UTF-8, parsed) from "jar:file:/Users/yush/.m2/repository/com/aventstack/extentreports/5.1.2/extentreports-5.1.2.jar!/com/aventstack/extentreports/templates/commons/commons-inject-js.ftl"
